[07-11 13:21:27] INFO [main]: splunk[action=ValidationLogging, invoiceId=null, invoiceNumber=syqgm18d7z, storeNumber=3366, dciName="BEK-Amarillo" msg="Encountered validation error or warning for invoice; error was FATAL : Invoice number must be unique per Distribution Center during past 65 days."]
[07-11 13:21:28] INFO [main]: splunk[action=ValidationLogging, invoiceId=null, invoiceNumber=vhlixmxypc, storeNumber=3366, dciName="BEK-Amarillo" msg="Encountered validation error or warning for invoice; error was FATAL : Invoice number must be unique per Distribution Center during past 65 days."]
[07-11 13:21:29] INFO [main]: splunk[action=ValidationLogging, invoiceId=null, invoiceNumber=7ut0py870e, storeNumber=3366, dciName="BEK-Amarillo" msg="Encountered validation error or warning for invoice; error was FATAL : Invoice number must be unique per Distribution Center during past 65 days."]
[07-11 13:21:30] INFO [main]: splunk[action=ValidationLogging, invoiceId=null, invoiceNumber=imvj17cm1p, storeNumber=3366, dciName="BEK-Amarillo" msg="Encountered validation error or warning for invoice; error was FATAL : Invoice number must be unique per Distribution Center during past 65 days."]
[07-11 13:21:31] INFO [main]: splunk[action=ValidationLogging, invoiceId=null, invoiceNumber=h3eigfxmg1, storeNumber=3366, dciName="BEK-Amarillo" msg="Encountered validation error or warning for invoice; error was FATAL : Invoice number must be unique per Distribution Center during past 65 days."]
[07-11 13:21:32] INFO [main]: splunk[action=ValidationLogging, invoiceId=null, invoiceNumber=5wkvhtd8cl, storeNumber=3366, dciName="BEK-Amarillo" msg="Encountered validation error or warning for invoice; error was FATAL : Invoice number must be unique per Distribution Center during past 65 days."]
[07-11 13:21:33] INFO [main]: splunk[action=ValidationLogging, invoiceId=null, invoiceNumber=ow4iu4jdyt, storeNumber=3366, dciName="BEK-Amarillo" msg="Encountered validation error or warning for invoice; error was FATAL : Invoice number must be unique per Distribution Center during past 65 days."]
[07-11 13:21:34] INFO [main]: splunk[action=ValidationLogging, invoiceId=null, invoiceNumber=s0t8nmkq9p, storeNumber=3366, dciName="BEK-Amarillo" msg="Encountered validation error or warning for invoice; error was FATAL : Invoice number must be unique per Distribution Center during past 65 days."]
[07-11 13:21:35] INFO [main]: splunk[action=ValidationLogging, invoiceId=null, invoiceNumber=tantrwky23, storeNumber=3366, dciName="BEK-Amarillo" msg="Encountered validation error or warning for invoice; error was FATAL : Invoice number must be unique per Distribution Center during past 65 days."]
[07-11 13:21:36] INFO [main]: splunk[action=ValidationLogging, invoiceId=null, invoiceNumber=a9wr65v39l, storeNumber=3366, dciName="BEK-Amarillo" msg="Encountered validation error or warning for invoice; error was FATAL : Invoice number must be unique per Distribution Center during past 65 days."]
[07-11 13:21:37] INFO [main]: splunk[action=ValidationLogging, invoiceId=null, invoiceNumber=nlpdsosmod, storeNumber=3366, dciName="BEK-Amarillo" msg="Encountered validation error or warning for invoice; error was FATAL : Invoice number must be unique per Distribution Center during past 65 days."]
[07-11 13:21:38] INFO [main]: splunk[action=ValidationLogging, invoiceId=null, invoiceNumber=0gfguaxhsh, storeNumber=3366, dciName="BEK-Amarillo" msg="Encountered validation error or warning for invoice; error was FATAL : Invoice number must be unique per Distribution Center during past 65 days."]
[07-11 13:21:39] INFO [main]: splunk[action=ValidationLogging, invoiceId=null, invoiceNumber=3pr9f2aqi8, storeNumber=3366, dciName="BEK-Amarillo" msg="Encountered validation error or warning for invoice; error was FATAL : Invoice number must be unique per Distribution Center during past 65 days."]
[07-11 13:21:40] INFO [main]: splunk[action=ValidationLogging, invoiceId=null, invoiceNumber=ns97gqc2y1, storeNumber=3366, dciName="BEK-Amarillo" msg="Encountered validation error or warning for invoice; error was FATAL : Invoice number must be unique per Distribution Center during past 65 days."]
[07-11 13:21:41] INFO [main]: splunk[action=ValidationLogging, invoiceId=null, invoiceNumber=qmt3f870sh, storeNumber=3366, dciName="BEK-Amarillo" msg="Encountered validation error or warning for invoice; error was FATAL : Invoice number must be unique per Distribution Center during past 65 days."]
[07-11 13:21:42] INFO [main]: splunk[action=ValidationLogging, invoiceId=null, invoiceNumber=kp94qop63k, storeNumber=3366, dciName="BEK-Amarillo" msg="Encountered validation error or warning for invoice; error was FATAL : Invoice number must be unique per Distribution Center during past 65 days."]
[07-11 13:21:43] INFO [main]: splunk[action=ValidationLogging, invoiceId=null, invoiceNumber=uhweaziisv, storeNumber=3366, dciName="BEK-Amarillo" msg="Encountered validation error or warning for invoice; error was FATAL : Invoice number must be unique per Distribution Center during past 65 days."]
[07-11 13:21:44] INFO [main]: splunk[action=ValidationLogging, invoiceId=null, invoiceNumber=gvp67uz4ya, storeNumber=3366, dciName="BEK-Amarillo" msg="Encountered validation error or warning for invoice; error was FATAL : Invoice number must be unique per Distribution Center during past 65 days."]
[07-11 13:21:45] INFO [main]: splunk[action=ValidationLogging, invoiceId=null, invoiceNumber=k2sunv189n, storeNumber=3366, dciName="BEK-Amarillo" msg="Encountered validation error or warning for invoice; error was FATAL : Invoice number must be unique per Distribution Center during past 65 days."]
[07-11 13:21:46] INFO [main]: splunk[action=ValidationLogging, invoiceId=null, invoiceNumber=a5b81ust9t, storeNumber=3366, dciName="BEK-Amarillo" msg="Encountered validation error or warning for invoice; error was FATAL : Invoice number must be unique per Distribution Center during past 65 days."]
[07-11 13:21:47] INFO [main]: splunk[action=ValidationLogging, invoiceId=null, invoiceNumber=eirq4hjhbv, storeNumber=3366, dciName="BEK-Amarillo" msg="Encountered validation error or warning for invoice; error was FATAL : Invoice number must be unique per Distribution Center during past 65 days."]
[07-11 13:21:48] INFO [main]: splunk[action=ValidationLogging, invoiceId=null, invoiceNumber=ipvuwce3xx, storeNumber=3366, dciName="BEK-Amarillo" msg="Encountered validation error or warning for invoice; error was FATAL : Invoice number must be unique per Distribution Center during past 65 days."]
[07-11 13:21:49] INFO [main]: splunk[action=ValidationLogging, invoiceId=null, invoiceNumber=o5tkage4dp, storeNumber=3366, dciName="BEK-Amarillo" msg="Encountered validation error or warning for invoice; error was FATAL : Invoice number must be unique per Distribution Center during past 65 days."]
[07-11 13:21:50] INFO [main]: splunk[action=ValidationLogging, invoiceId=null, invoiceNumber=fzmjbfwna0, storeNumber=3366, dciName="BEK-Amarillo" msg="Encountered validation error or warning for invoice; error was FATAL : Invoice number must be unique per Distribution Center during past 65 days."]
[07-11 13:21:51] INFO [main]: splunk[action=ValidationLogging, invoiceId=null, invoiceNumber=a1kk4qgq8q, storeNumber=3366, dciName="BEK-Amarillo" msg="Encountered validation error or warning for invoice; error was FATAL : Invoice number must be unique per Distribution Center during past 65 days."]
[07-11 13:21:52] INFO [main]: splunk[action=ValidationLogging, invoiceId=null, invoiceNumber=xorfpkmt69, storeNumber=3366, dciName="BEK-Amarillo" msg="Encountered validation error or warning for invoice; error was FATAL : Invoice number must be unique per Distribution Center during past 65 days."]
[07-11 13:21:53] INFO [main]: splunk[action=ValidationLogging, invoiceId=null, invoiceNumber=q2fn8a3hu7, storeNumber=3366, dciName="BEK-Amarillo" msg="Encountered validation error or warning for invoice; error was FATAL : Invoice number must be unique per Distribution Center during past 65 days."]
[07-11 13:21:54] INFO [main]: splunk[action=ValidationLogging, invoiceId=null, invoiceNumber=ps0ysozy5a, storeNumber=3366, dciName="BEK-Amarillo" msg="Encountered validation error or warning for invoice; error was FATAL : Invoice number must be unique per Distribution Center during past 65 days."]
[07-11 13:21:55] INFO [main]: splunk[action=ValidationLogging, invoiceId=null, invoiceNumber=0ezdgbjrbo, storeNumber=3366, dciName="BEK-Amarillo" msg="Encountered validation error or warning for invoice; error was FATAL : Invoice number must be unique per Distribution Center during past 65 days."]
[07-11 13:21:56] INFO [main]: splunk[action=ValidationLogging, invoiceId=null, invoiceNumber=mxj1ljdgk5, storeNumber=3366, dciName="BEK-Amarillo" msg="Encountered validation error or warning for invoice; error was FATAL : Invoice number must be unique per Distribution Center during past 65 days."]
[07-11 13:21:57] INFO [main]: splunk[action=ValidationLogging, invoiceId=null, invoiceNumber=wyqfejhk7h, storeNumber=3366, dciName="BEK-Amarillo" msg="Encountered validation error or warning for invoice; error was FATAL : Invoice number must be unique per Distribution Center during past 65 days."]
[07-11 13:21:58] INFO [main]: splunk[action=ValidationLogging, invoiceId=null, invoiceNumber=pzfbw383is, storeNumber=3366, dciName="BEK-Amarillo" msg="Encountered validation error or warning for invoice; error was FATAL : Invoice number must be unique per Distribution Center during past 65 days."]
[07-11 13:21:59] INFO [main]: splunk[action=ValidationLogging, invoiceId=null, invoiceNumber=iki34e1y5n, storeNumber=3366, dciName="BEK-Amarillo" msg="Encountered validation error or warning for invoice; error was FATAL : Invoice number must be unique per Distribution Center during past 65 days."]
[07-11 13:22:00] INFO [main]: splunk[action=ValidationLogging, invoiceId=null, invoiceNumber=t6f8rejj8l, storeNumber=3366, dciName="BEK-Amarillo" msg="Encountered validation error or warning for invoice; error was FATAL : Invoice number must be unique per Distribution Center during past 65 days."]
[07-11 13:22:01] INFO [main]: splunk[action=ValidationLogging, invoiceId=null, invoiceNumber=u0m5z3vvj7, storeNumber=3366, dciName="BEK-Amarillo" msg="Encountered validation error or warning for invoice; error was FATAL : Invoice number must be unique per Distribution Center during past 65 days."]
[07-11 13:22:02] INFO [main]: splunk[action=ValidationLogging, invoiceId=null, invoiceNumber=23jtljdd3s, storeNumber=3366, dciName="BEK-Amarillo" msg="Encountered validation error or warning for invoice; error was FATAL : Invoice number must be unique per Distribution Center during past 65 days."]
[07-11 13:22:03] INFO [main]: splunk[action=ValidationLogging, invoiceId=null, invoiceNumber=am8y757ef7, storeNumber=3366, dciName="BEK-Amarillo" msg="Encountered validation error or warning for invoice; error was FATAL : Invoice number must be unique per Distribution Center during past 65 days."]
[07-11 13:22:04] INFO [main]: splunk[action=ValidationLogging, invoiceId=null, invoiceNumber=kea7n4kg5c, storeNumber=3366, dciName="BEK-Amarillo" msg="Encountered validation error or warning for invoice; error was FATAL : Invoice number must be unique per Distribution Center during past 65 days."]
[07-11 13:22:05] INFO [main]: splunk[action=ValidationLogging, invoiceId=null, invoiceNumber=597sw0kyi9, storeNumber=3366, dciName="BEK-Amarillo" msg="Encountered validation error or warning for invoice; error was FATAL : Invoice number must be unique per Distribution Center during past 65 days."]
[07-11 13:22:06] INFO [main]: splunk[action=ValidationLogging, invoiceId=null, invoiceNumber=o5rujlkw31, storeNumber=3366, dciName="BEK-Amarillo" msg="Encountered validation error or warning for invoice; error was FATAL : Invoice number must be unique per Distribution Center during past 65 days."]
[07-11 13:22:07] INFO [main]: splunk[action=ValidationLogging, invoiceId=null, invoiceNumber=zta4gm0kx5, storeNumber=3366, dciName="BEK-Amarillo" msg="Encountered validation error or warning for invoice; error was FATAL : Invoice number must be unique per Distribution Center during past 65 days."]
[07-11 13:22:08] INFO [main]: splunk[action=ValidationLogging, invoiceId=null, invoiceNumber=iii8lq7nus, storeNumber=3366, dciName="BEK-Amarillo" msg="Encountered validation error or warning for invoice; error was FATAL : Invoice number must be unique per Distribution Center during past 65 days."]
[07-11 13:22:09] INFO [main]: splunk[action=ValidationLogging, invoiceId=null, invoiceNumber=rrrp91egiz, storeNumber=3366, dciName="BEK-Amarillo" msg="Encountered validation error or warning for invoice; error was FATAL : Invoice number must be unique per Distribution Center during past 65 days."]
[07-11 13:22:10] INFO [main]: splunk[action=ValidationLogging, invoiceId=null, invoiceNumber=d833av41ml, storeNumber=3366, dciName="BEK-Amarillo" msg="Encountered validation error or warning for invoice; error was FATAL : Invoice number must be unique per Distribution Center during past 65 days."]
[07-11 13:22:11] INFO [main]: splunk[action=ValidationLogging, invoiceId=null, invoiceNumber=iqinqbsb45, storeNumber=3366, dciName="BEK-Amarillo" msg="Encountered validation error or warning for invoice; error was FATAL : Invoice number must be unique per Distribution Center during past 65 days."]
[07-11 13:22:12] INFO [main]: splunk[action=ValidationLogging, invoiceId=null, invoiceNumber=1sn7rwaeb7, storeNumber=3366, dciName="BEK-Amarillo" msg="Encountered validation error or warning for invoice; error was FATAL : Invoice number must be unique per Distribution Center during past 65 days."]
[07-11 13:22:13] INFO [main]: splunk[action=ValidationLogging, invoiceId=null, invoiceNumber=o0y81s022f, storeNumber=3366, dciName="BEK-Amarillo" msg="Encountered validation error or warning for invoice; error was FATAL : Invoice number must be unique per Distribution Center during past 65 days."]
[07-11 13:22:14] INFO [main]: splunk[action=ValidationLogging, invoiceId=null, invoiceNumber=z700s4cfha, storeNumber=3366, dciName="BEK-Amarillo" msg="Encountered validation error or warning for invoice; error was FATAL : Invoice number must be unique per Distribution Center during past 65 days."]
[07-11 13:22:15] INFO [main]: splunk[action=ValidationLogging, invoiceId=null, invoiceNumber=uz37w16qa1, storeNumber=3366, dciName="BEK-Amarillo" msg="Encountered validation error or warning for invoice; error was FATAL : Invoice number must be unique per Distribution Center during past 65 days."]
[07-11 13:22:16] INFO [main]: splunk[action=ValidationLogging, invoiceId=null, invoiceNumber=vd4snvohjd, storeNumber=3366, dciName="BEK-Amarillo" msg="Encountered validation error or warning for invoice; error was FATAL : Invoice number must be unique per Distribution Center during past 65 days."]
[07-11 13:22:17] INFO [main]: splunk[action=ValidationLogging, invoiceId=null, invoiceNumber=ax4ui2kkin, storeNumber=3366, dciName="BEK-Amarillo" msg="Encountered validation error or warning for invoice; error was FATAL : Invoice number must be unique per Distribution Center during past 65 days."]
[07-11 13:22:18] INFO [main]: splunk[action=ValidationLogging, invoiceId=null, invoiceNumber=vv9i40s9o8, storeNumber=3366, dciName="BEK-Amarillo" msg="Encountered validation error or warning for invoice; error was FATAL : Invoice number must be unique per Distribution Center during past 65 days."]
[07-11 13:22:19] INFO [main]: splunk[action=ValidationLogging, invoiceId=null, invoiceNumber=3v1692nntx, storeNumber=3366, dciName="BEK-Amarillo" msg="Encountered validation error or warning for invoice; error was FATAL : Invoice number must be unique per Distribution Center during past 65 days."]
[07-11 13:22:20] INFO [main]: splunk[action=ValidationLogging, invoiceId=null, invoiceNumber=4lkfm38cko, storeNumber=3366, dciName="BEK-Amarillo" msg="Encountered validation error or warning for invoice; error was FATAL : Invoice number must be unique per Distribution Center during past 65 days."]
[07-11 13:22:21] INFO [main]: splunk[action=ValidationLogging, invoiceId=null, invoiceNumber=e5qaerlc5i, storeNumber=3366, dciName="BEK-Amarillo" msg="Encountered validation error or warning for invoice; error was FATAL : Invoice number must be unique per Distribution Center during past 65 days."]
[07-11 13:22:22] INFO [main]: splunk[action=ValidationLogging, invoiceId=null, invoiceNumber=jgkvfby4mq, storeNumber=3366, dciName="BEK-Amarillo" msg="Encountered validation error or warning for invoice; error was FATAL : Invoice number must be unique per Distribution Center during past 65 days."]
[07-11 13:22:23] INFO [main]: splunk[action=ValidationLogging, invoiceId=null, invoiceNumber=6kqiwx44f7, storeNumber=3366, dciName="BEK-Amarillo" msg="Encountered validation error or warning for invoice; error was FATAL : Invoice number must be unique per Distribution Center during past 65 days."]
[07-11 13:22:24] INFO [main]: splunk[action=ValidationLogging, invoiceId=null, invoiceNumber=6zq3yzguy3, storeNumber=3366, dciName="BEK-Amarillo" msg="Encountered validation error or warning for invoice; error was FATAL : Invoice number must be unique per Distribution Center during past 65 days."]
[07-11 13:22:25] INFO [main]: splunk[action=ValidationLogging, invoiceId=null, invoiceNumber=p90nyhesc4, storeNumber=3366, dciName="BEK-Amarillo" msg="Encountered validation error or warning for invoice; error was FATAL : Invoice number must be unique per Distribution Center during past 65 days."]
[07-11 13:22:26] INFO [main]: splunk[action=ValidationLogging, invoiceId=null, invoiceNumber=8mqq7f2nqq, storeNumber=3366, dciName="BEK-Amarillo" msg="Encountered validation error or warning for invoice; error was FATAL : Invoice number must be unique per Distribution Center during past 65 days."]
[07-11 13:22:27] INFO [main]: splunk[action=ValidationLogging, invoiceId=null, invoiceNumber=b9vbsevq09, storeNumber=3366, dciName="BEK-Amarillo" msg="Encountered validation error or warning for invoice; error was FATAL : Invoice number must be unique per Distribution Center during past 65 days."]
[07-11 13:22:28] INFO [main]: splunk[action=ValidationLogging, invoiceId=null, invoiceNumber=rrluo17d68, storeNumber=3366, dciName="BEK-Amarillo" msg="Encountered validation error or warning for invoice; error was FATAL : Invoice number must be unique per Distribution Center during past 65 days."]
[07-11 13:22:29] INFO [main]: splunk[action=ValidationLogging, invoiceId=null, invoiceNumber=o7taykopxk, storeNumber=3366, dciName="BEK-Amarillo" msg="Encountered validation error or warning for invoice; error was FATAL : Invoice number must be unique per Distribution Center during past 65 days."]
[07-11 13:22:30] INFO [main]: splunk[action=ValidationLogging, invoiceId=null, invoiceNumber=kdqsu4l2lo, storeNumber=3366, dciName="BEK-Amarillo" msg="Encountered validation error or warning for invoice; error was FATAL : Invoice number must be unique per Distribution Center during past 65 days."]
[07-11 13:22:31] INFO [main]: splunk[action=ValidationLogging, invoiceId=null, invoiceNumber=dq3rplmy70, storeNumber=3366, dciName="BEK-Amarillo" msg="Encountered validation error or warning for invoice; error was FATAL : Invoice number must be unique per Distribution Center during past 65 days."]
[07-11 13:22:32] INFO [main]: splunk[action=ValidationLogging, invoiceId=null, invoiceNumber=mzc56tpg8n, storeNumber=3366, dciName="BEK-Amarillo" msg="Encountered validation error or warning for invoice; error was FATAL : Invoice number must be unique per Distribution Center during past 65 days."]
[07-11 13:22:33] INFO [main]: splunk[action=ValidationLogging, invoiceId=null, invoiceNumber=rdj9z0gntv, storeNumber=3366, dciName="BEK-Amarillo" msg="Encountered validation error or warning for invoice; error was FATAL : Invoice number must be unique per Distribution Center during past 65 days."]
[07-11 13:22:34] INFO [main]: splunk[action=ValidationLogging, invoiceId=null, invoiceNumber=hfz8rdtxi3, storeNumber=3366, dciName="BEK-Amarillo" msg="Encountered validation error or warning for invoice; error was FATAL : Invoice number must be unique per Distribution Center during past 65 days."]
[07-11 13:22:35] INFO [main]: splunk[action=ValidationLogging, invoiceId=null, invoiceNumber=t5n7hthdcx, storeNumber=3366, dciName="BEK-Amarillo" msg="Encountered validation error or warning for invoice; error was FATAL : Invoice number must be unique per Distribution Center during past 65 days."]
[07-11 13:22:36] INFO [main]: splunk[action=ValidationLogging, invoiceId=null, invoiceNumber=556ypvvzdf, storeNumber=3366, dciName="BEK-Amarillo" msg="Encountered validation error or warning for invoice; error was FATAL : Invoice number must be unique per Distribution Center during past 65 days."]
[07-11 13:22:37] INFO [main]: splunk[action=ValidationLogging, invoiceId=null, invoiceNumber=kgx8n36dt3, storeNumber=3366, dciName="BEK-Amarillo" msg="Encountered validation error or warning for invoice; error was FATAL : Invoice number must be unique per Distribution Center during past 65 days."]
[07-11 13:22:38] INFO [main]: splunk[action=ValidationLogging, invoiceId=null, invoiceNumber=wi1ospvh8l, storeNumber=3366, dciName="BEK-Amarillo" msg="Encountered validation error or warning for invoice; error was FATAL : Invoice number must be unique per Distribution Center during past 65 days."]
[07-11 13:22:39] INFO [main]: splunk[action=ValidationLogging, invoiceId=null, invoiceNumber=y0wlzr4t0f, storeNumber=3366, dciName="BEK-Amarillo" msg="Encountered validation error or warning for invoice; error was FATAL : Invoice number must be unique per Distribution Center during past 65 days."]
[07-11 13:22:40] INFO [main]: splunk[action=ValidationLogging, invoiceId=null, invoiceNumber=412ijz0k9o, storeNumber=3366, dciName="BEK-Amarillo" msg="Encountered validation error or warning for invoice; error was FATAL : Invoice number must be unique per Distribution Center during past 65 days."]
[07-11 13:22:41] INFO [main]: splunk[action=ValidationLogging, invoiceId=null, invoiceNumber=58cw7aakif, storeNumber=3366, dciName="BEK-Amarillo" msg="Encountered validation error or warning for invoice; error was FATAL : Invoice number must be unique per Distribution Center during past 65 days."]
[07-11 13:22:42] INFO [main]: splunk[action=ValidationLogging, invoiceId=null, invoiceNumber=yov3wobvn4, storeNumber=3366, dciName="BEK-Amarillo" msg="Encountered validation error or warning for invoice; error was FATAL : Invoice number must be unique per Distribution Center during past 65 days."]
[07-11 13:22:43] INFO [main]: splunk[action=ValidationLogging, invoiceId=null, invoiceNumber=5r2prdew6y, storeNumber=3366, dciName="BEK-Amarillo" msg="Encountered validation error or warning for invoice; error was FATAL : Invoice number must be unique per Distribution Center during past 65 days."]
[07-11 13:22:44] INFO [main]: splunk[action=ValidationLogging, invoiceId=null, invoiceNumber=cy81e6dxpd, storeNumber=3366, dciName="BEK-Amarillo" msg="Encountered validation error or warning for invoice; error was FATAL : Invoice number must be unique per Distribution Center during past 65 days."]
[07-11 13:22:45] INFO [main]: splunk[action=ValidationLogging, invoiceId=null, invoiceNumber=p07oopyx8v, storeNumber=3366, dciName="BEK-Amarillo" msg="Encountered validation error or warning for invoice; error was FATAL : Invoice number must be unique per Distribution Center during past 65 days."]
[07-11 13:22:46] INFO [main]: splunk[action=ValidationLogging, invoiceId=null, invoiceNumber=itv87efdec, storeNumber=3366, dciName="BEK-Amarillo" msg="Encountered validation error or warning for invoice; error was FATAL : Invoice number must be unique per Distribution Center during past 65 days."]
[07-11 13:22:47] INFO [main]: splunk[action=ValidationLogging, invoiceId=null, invoiceNumber=65eawpnmsb, storeNumber=3366, dciName="BEK-Amarillo" msg="Encountered validation error or warning for invoice; error was FATAL : Invoice number must be unique per Distribution Center during past 65 days."]
[07-11 13:22:48] INFO [main]: splunk[action=ValidationLogging, invoiceId=null, invoiceNumber=lfenno02yx, storeNumber=3366, dciName="BEK-Amarillo" msg="Encountered validation error or warning for invoice; error was FATAL : Invoice number must be unique per Distribution Center during past 65 days."]
[07-11 13:22:49] INFO [main]: splunk[action=ValidationLogging, invoiceId=null, invoiceNumber=jzxi1xagda, storeNumber=3366, dciName="BEK-Amarillo" msg="Encountered validation error or warning for invoice; error was FATAL : Invoice number must be unique per Distribution Center during past 65 days."]
[07-11 13:22:50] INFO [main]: splunk[action=ValidationLogging, invoiceId=null, invoiceNumber=wpgd04bueu, storeNumber=3366, dciName="BEK-Amarillo" msg="Encountered validation error or warning for invoice; error was FATAL : Invoice number must be unique per Distribution Center during past 65 days."]
[07-11 13:22:51] INFO [main]: splunk[action=ValidationLogging, invoiceId=null, invoiceNumber=60d0ga2w83, storeNumber=3366, dciName="BEK-Amarillo" msg="Encountered validation error or warning for invoice; error was FATAL : Invoice number must be unique per Distribution Center during past 65 days."]
[07-11 13:22:52] INFO [main]: splunk[action=ValidationLogging, invoiceId=null, invoiceNumber=crof0p0ukx, storeNumber=3366, dciName="BEK-Amarillo" msg="Encountered validation error or warning for invoice; error was FATAL : Invoice number must be unique per Distribution Center during past 65 days."]
[07-11 13:22:53] INFO [main]: splunk[action=ValidationLogging, invoiceId=null, invoiceNumber=nvy8v3uxfh, storeNumber=3366, dciName="BEK-Amarillo" msg="Encountered validation error or warning for invoice; error was FATAL : Invoice number must be unique per Distribution Center during past 65 days."]
[07-11 13:22:54] INFO [main]: splunk[action=ValidationLogging, invoiceId=null, invoiceNumber=e4mnm4ujx3, storeNumber=3366, dciName="BEK-Amarillo" msg="Encountered validation error or warning for invoice; error was FATAL : Invoice number must be unique per Distribution Center during past 65 days."]
[07-11 13:22:55] INFO [main]: splunk[action=ValidationLogging, invoiceId=null, invoiceNumber=7bz13yzwfz, storeNumber=3366, dciName="BEK-Amarillo" msg="Encountered validation error or warning for invoice; error was FATAL : Invoice number must be unique per Distribution Center during past 65 days."]
[07-11 13:22:56] INFO [main]: splunk[action=ValidationLogging, invoiceId=null, invoiceNumber=4en16mvqkp, storeNumber=3366, dciName="BEK-Amarillo" msg="Encountered validation error or warning for invoice; error was FATAL : Invoice number must be unique per Distribution Center during past 65 days."]
[07-11 13:22:57] INFO [main]: splunk[action=ValidationLogging, invoiceId=null, invoiceNumber=ayxed7f8xz, storeNumber=3366, dciName="BEK-Amarillo" msg="Encountered validation error or warning for invoice; error was FATAL : Invoice number must be unique per Distribution Center during past 65 days."]
[07-11 13:22:58] INFO [main]: splunk[action=ValidationLogging, invoiceId=null, invoiceNumber=7fhezrjind, storeNumber=3366, dciName="BEK-Amarillo" msg="Encountered validation error or warning for invoice; error was FATAL : Invoice number must be unique per Distribution Center during past 65 days."]
[07-11 13:22:59] INFO [main]: splunk[action=ValidationLogging, invoiceId=null, invoiceNumber=ilwhjseps6, storeNumber=3366, dciName="BEK-Amarillo" msg="Encountered validation error or warning for invoice; error was FATAL : Invoice number must be unique per Distribution Center during past 65 days."]
[07-11 13:23:00] INFO [main]: splunk[action=ValidationLogging, invoiceId=null, invoiceNumber=tntlfauj9v, storeNumber=3366, dciName="BEK-Amarillo" msg="Encountered validation error or warning for invoice; error was FATAL : Invoice number must be unique per Distribution Center during past 65 days."]
[07-11 13:23:01] INFO [main]: splunk[action=ValidationLogging, invoiceId=null, invoiceNumber=yqzj7weaex, storeNumber=3366, dciName="BEK-Amarillo" msg="Encountered validation error or warning for invoice; error was FATAL : Invoice number must be unique per Distribution Center during past 65 days."]
[07-11 13:23:02] INFO [main]: splunk[action=ValidationLogging, invoiceId=null, invoiceNumber=z6qyemls4q, storeNumber=3366, dciName="BEK-Amarillo" msg="Encountered validation error or warning for invoice; error was FATAL : Invoice number must be unique per Distribution Center during past 65 days."]
[07-11 13:23:03] INFO [main]: splunk[action=ValidationLogging, invoiceId=null, invoiceNumber=ccdcgq2qpo, storeNumber=3366, dciName="BEK-Amarillo" msg="Encountered validation error or warning for invoice; error was FATAL : Invoice number must be unique per Distribution Center during past 65 days."]
[07-11 13:23:04] INFO [main]: splunk[action=ValidationLogging, invoiceId=null, invoiceNumber=oyffn70qq6, storeNumber=3366, dciName="BEK-Amarillo" msg="Encountered validation error or warning for invoice; error was FATAL : Invoice number must be unique per Distribution Center during past 65 days."]
[07-11 13:23:05] INFO [main]: splunk[action=ValidationLogging, invoiceId=null, invoiceNumber=zczdapa8qk, storeNumber=3366, dciName="BEK-Amarillo" msg="Encountered validation error or warning for invoice; error was FATAL : Invoice number must be unique per Distribution Center during past 65 days."]
[07-11 13:23:06] INFO [main]: splunk[action=ValidationLogging, invoiceId=null, invoiceNumber=n2kfunf4no, storeNumber=3366, dciName="BEK-Amarillo" msg="Encountered validation error or warning for invoice; error was FATAL : Invoice number must be unique per Distribution Center during past 65 days."]
